#
# There is insufficient memory for the Java Runtime Environment to continue.
# Native memory allocation (malloc) failed to allocate 1509136 bytes for Chunk::new
# Possible reasons:
#   The system is out of physical RAM or swap space
#   The process is running with CompressedOops enabled, and the Java Heap may be blocking the growth of the native heap
# Possible solutions:
#   Reduce memory load on the system
#   Increase physical memory or swap space
#   Check if swap backing store is full
#   Decrease Java heap size (-Xmx/-Xms)
#   Decrease number of Java threads
#   Decrease Java thread stack sizes (-Xss)
#   Set larger code cache with -XX:ReservedCodeCacheSize=
#   JVM is running with Unscaled Compressed Oops mode in which the Java heap is
#     placed in the first 4GB address space. The Java Heap base address is the
#     maximum limit for the native heap growth. Please use -XX:HeapBaseMinAddress
#     to set the Java Heap base and to place the Java Heap above 4GB virtual address.
# This output file may be truncated or incomplete.
#
#  Out of Memory Error (allocation.cpp:389), pid=10276, tid=0x00000000000023e0
#
# JRE version: OpenJDK Runtime Environment (8.0_242-b01) (build 1.8.0_242-release-1644-b01)
# Java VM: OpenJDK 64-Bit Server VM (25.242-b01 mixed mode windows-amd64 compressed oops)
# Failed to write core dump. Minidumps are not enabled by default on client versions of Windows
#

---------------  T H R E A D  ---------------

Current thread (0x0000000019e7f000):  JavaThread "C2 CompilerThread0" daemon [_thread_in_native, id=9184, stack(0x000000001a750000,0x000000001a850000)]

Stack: [0x000000001a750000,0x000000001a850000]
[error occurred during error reporting (printing stack bounds), id 0xc0000005]

Native frames: (J=compiled Java code, j=interpreted, Vv=VM code, C=native code)


Current CompileTask:
C2:   6651 2517       4       groovy.lang.MetaClassImpl$1MOPIter::methodNameAction (325 bytes)


---------------  P R O C E S S  ---------------

Java Threads: ( => current thread )
  0x000000001cb4a800 JavaThread "Cache worker for file content cache (C:\Users\Asus\.gradle\caches\6.5\fileContent)" [_thread_blocked, id=720, stack(0x0000000022050000,0x0000000022150000)]
  0x000000001cb47800 JavaThread "jar transforms" [_thread_blocked, id=4360, stack(0x0000000021f50000,0x0000000022050000)]
  0x000000001cb49000 JavaThread "Cache worker for execution history cache (C:\Users\Asus\.gradle\caches\6.5\executionHistory)" [_thread_blocked, id=11320, stack(0x0000000021850000,0x0000000021950000)]
  0x000000001cb45000 JavaThread "Cache worker for cache directory md-rule (C:\Users\Asus\.gradle\caches\6.5\md-rule)" [_thread_blocked, id=2860, stack(0x0000000021750000,0x0000000021850000)]
  0x000000001cb49800 JavaThread "Cache worker for cache directory md-supplier (C:\Users\Asus\.gradle\caches\6.5\md-supplier)" [_thread_blocked, id=7772, stack(0x0000000021650000,0x0000000021750000)]
  0x000000001cb46800 JavaThread "Cache worker for checksums cache (D:\Symwe\.gradle\checksums)" [_thread_blocked, id=7676, stack(0x0000000021350000,0x0000000021450000)]
  0x000000001cb4c000 JavaThread "Cache worker for file hash cache (D:\Symwe\.gradle\6.5\fileHashes)" [_thread_blocked, id=7524, stack(0x000000001ee70000,0x000000001ef70000)]
  0x000000001cb4b000 JavaThread "Cache worker for file hash cache (C:\Users\Asus\.gradle\caches\6.5\fileHashes)" [_thread_blocked, id=5348, stack(0x000000001ed70000,0x000000001ee70000)]
  0x000000001cb46000 JavaThread "File lock request listener" [_thread_in_native, id=9844, stack(0x000000001ec70000,0x000000001ed70000)]
  0x000000001cb61000 JavaThread "Cache worker for journal cache (C:\Users\Asus\.gradle\caches\journal-1)" [_thread_blocked, id=11976, stack(0x000000001eb70000,0x000000001ec70000)]
  0x000000001c1f0800 JavaThread "Thread-9" [_thread_blocked, id=11696, stack(0x000000001e870000,0x000000001e970000)]
  0x000000001caa3000 JavaThread "Stdin handler" [_thread_blocked, id=6336, stack(0x000000001e770000,0x000000001e870000)]
  0x000000001caa0000 JavaThread "Asynchronous log dispatcher for DefaultDaemonConnection: socket connection from /127.0.0.1:53777 to /127.0.0.1:53778" [_thread_blocked, id=7128, stack(0x000000001e670000,0x000000001e770000)]
  0x000000001ca8c000 JavaThread "Daemon worker" [_thread_in_native, id=8112, stack(0x000000001e570000,0x000000001e670000)]
  0x000000001caa7000 JavaThread "Cancel handler" [_thread_blocked, id=5480, stack(0x000000001e470000,0x000000001e570000)]
  0x000000001bb4f000 JavaThread "Handler for socket connection from /127.0.0.1:53777 to /127.0.0.1:53778" [_thread_in_native, id=6780, stack(0x000000001e170000,0x000000001e270000)]
  0x000000001ca23800 JavaThread "Daemon" [_thread_blocked, id=7384, stack(0x000000001e070000,0x000000001e170000)]
  0x000000001ca6e000 JavaThread "Daemon periodic checks" [_thread_blocked, id=2388, stack(0x000000001df70000,0x000000001e070000)]
  0x000000001c9f9800 JavaThread "Incoming local TCP Connector on port 53777" [_thread_in_native, id=3232, stack(0x000000001dd30000,0x000000001de30000)]
  0x000000001c98d000 JavaThread "Daemon health stats" [_thread_blocked, id=3444, stack(0x000000001d6f0000,0x000000001d7f0000)]
  0x0000000019f0e000 JavaThread "Service Thread" daemon [_thread_blocked, id=5664, stack(0x000000001ab50000,0x000000001ac50000)]
  0x0000000019e95000 JavaThread "C1 CompilerThread3" daemon [_thread_blocked, id=4308, stack(0x000000001aa50000,0x000000001ab50000)]
  0x0000000019e8c000 JavaThread "C2 CompilerThread2" daemon [_thread_in_native, id=1288, stack(0x000000001a950000,0x000000001aa50000)]
  0x0000000019e83000 JavaThread "C2 CompilerThread1" daemon [_thread_in_native, id=4128, stack(0x000000001a850000,0x000000001a950000)]
=>0x0000000019e7f000 JavaThread "C2 CompilerThread0" daemon [_thread_in_native, id=9184, stack(0x000000001a750000,0x000000001a850000)]
  0x0000000019e7e000 JavaThread "Attach Listener" daemon [_thread_blocked, id=1684, stack(0x000000001a650000,0x000000001a750000)]
  0x000000001806e000 JavaThread "Signal Dispatcher" daemon [_thread_blocked, id=11548, stack(0x000000001a550000,0x000000001a650000)]
  0x0000000002ef9000 JavaThread "Finalizer" daemon [_thread_blocked, id=5884, stack(0x000000001a350000,0x000000001a450000)]
  0x000000001805c000 JavaThread "Reference Handler" daemon [_thread_blocked, id=3100, stack(0x000000001a250000,0x000000001a350000)]
  0x0000000002fee000 JavaThread "main" [_thread_blocked, id=11528, stack(0x0000000002cd0000,0x0000000002dd0000)]

Other Threads:
  0x0000000018058000 VMThread [stack: 0x0000000019d50000,0x0000000019e50000] [id=3676]
  0x0000000019f0f000 WatcherThread [stack: 0x000000001ac50000,0x000000001ad50000] [id=6360]

VM state:not at safepoint (normal execution)

VM Mutex/Monitor currently owned by a thread: None

heap address: 0x0000000080000000, size: 2048 MB, Compressed Oops mode: 32-bit
Narrow klass base: 0x0000000000000000, Narrow klass shift: 3
Compressed class space size: 1073741824 Address: 0x0000000100000000

Heap:
 PSYoungGen      total 107520K, used 9957K [0x00000000d5580000, 0x00000000dca80000, 0x0000000100000000)
  eden space 96768K, 10% used [0x00000000d5580000,0x00000000d5f39688,0x00000000db400000)
  from space 10752K, 0% used [0x00000000db400000,0x00000000db400000,0x00000000dbe80000)
  to   space 9216K, 0% used [0x00000000dbe80000,0x00000000dbe80000,0x00000000dc780000)
 ParOldGen       total 60416K, used 15858K [0x0000000080000000, 0x0000000083b00000, 0x00000000d5580000)
  object space 60416K, 26% used [0x0000000080000000,0x0000000080f7c998,0x0000000083b00000)
 Metaspace       used 34903K, capacity 36080K, committed 36392K, reserved 1081344K
  class space    used 4813K, capacity 5093K, committed 5168K, reserved 1048576K

Card table byte_map: [0x00000000123b0000,0x00000000127c0000] byte_map_base: 0x0000000011fb0000

Marking Bits: (ParMarkBitMap*) 0x000000005eaff030
 Begin Bits: [0x0000000013270000, 0x0000000015270000)
 End Bits:   [0x0000000015270000, 0x0000000017270000)

Polling page: 0x00000000014d0000

CodeCache: size=245760Kb used=10429Kb max_used=10429Kb free=235330Kb
 bounds [0x0000000002ff0000, 0x0000000003a30000, 0x0000000011ff0000]
 total_blobs=3400 nmethods=2709 adapters=605
 compilation: enabled

Compilation events (10 events):
Event: 6.603 Thread 0x0000000019e95000 nmethod 2701 0x0000000003a151d0 code [0x0000000003a15360, 0x0000000003a15728]
Event: 6.605 Thread 0x0000000019e95000 2703       1       java.util.Formatter::access$000 (5 bytes)
Event: 6.605 Thread 0x0000000019e95000 nmethod 2703 0x0000000003a22d50 code [0x0000000003a22ea0, 0x0000000003a22f90]
Event: 6.618 Thread 0x0000000019e8c000 2704       4       java.net.URLStreamHandler::equals (45 bytes)
Event: 6.631 Thread 0x0000000019e95000 2706       3       com.google.common.collect.ImmutableCollection$ArrayBasedBuilder::getReadyToExpandTo (64 bytes)
Event: 6.633 Thread 0x0000000019e95000 nmethod 2706 0x0000000003a21f10 code [0x0000000003a220c0, 0x0000000003a22608]
Event: 6.642 Thread 0x0000000019e95000 2708       3       jdk.internal.org.objectweb.asm.ClassWriter::visitField (16 bytes)
Event: 6.642 Thread 0x0000000019e95000 nmethod 2708 0x0000000003a21a90 code [0x0000000003a21c00, 0x0000000003a21e28]
Event: 6.642 Thread 0x0000000019e95000 2709       3       jdk.internal.org.objectweb.asm.FieldWriter::<init> (97 bytes)
Event: 6.643 Thread 0x0000000019e95000 nmethod 2709 0x0000000003a21190 code [0x0000000003a21340, 0x0000000003a21828]

GC Heap History (10 events):
Event: 4.040 GC heap before
{Heap before GC invocations=7 (full 0):
 PSYoungGen      total 105984K, used 13200K [0x00000000d5580000, 0x00000000dca80000, 0x0000000100000000)
  eden space 96768K, 4% used [0x00000000d5580000,0x00000000d596be20,0x00000000db400000)
  from space 9216K, 99% used [0x00000000dbe80000,0x00000000dc778450,0x00000000dc780000)
  to   space 10752K, 0% used [0x00000000db400000,0x00000000db400000,0x00000000dbe80000)
 ParOldGen       total 65536K, used 6776K [0x0000000080000000, 0x0000000084000000, 0x00000000d5580000)
  object space 65536K, 10% used [0x0000000080000000,0x000000008069e3a0,0x0000000084000000)
 Metaspace       used 20554K, capacity 21224K, committed 21296K, reserved 1067008K
  class space    used 2878K, capacity 3076K, committed 3120K, reserved 1048576K
Event: 4.048 GC heap after
Heap after GC invocations=7 (full 0):
 PSYoungGen      total 107520K, used 4228K [0x00000000d5580000, 0x00000000dca80000, 0x0000000100000000)
  eden space 96768K, 0% used [0x00000000d5580000,0x00000000d5580000,0x00000000db400000)
  from space 10752K, 39% used [0x00000000db400000,0x00000000db821050,0x00000000dbe80000)
  to   space 9216K, 0% used [0x00000000dbe80000,0x00000000dbe80000,0x00000000dc780000)
 ParOldGen       total 65536K, used 8409K [0x0000000080000000, 0x0000000084000000, 0x00000000d5580000)
  object space 65536K, 12% used [0x0000000080000000,0x0000000080836410,0x0000000084000000)
 Metaspace       used 20554K, capacity 21224K, committed 21296K, reserved 1067008K
  class space    used 2878K, capacity 3076K, committed 3120K, reserved 1048576K
}
Event: 4.048 GC heap before
{Heap before GC invocations=8 (full 1):
 PSYoungGen      total 107520K, used 4228K [0x00000000d5580000, 0x00000000dca80000, 0x0000000100000000)
  eden space 96768K, 0% used [0x00000000d5580000,0x00000000d5580000,0x00000000db400000)
  from space 10752K, 39% used [0x00000000db400000,0x00000000db821050,0x00000000dbe80000)
  to   space 9216K, 0% used [0x00000000dbe80000,0x00000000dbe80000,0x00000000dc780000)
 ParOldGen       total 65536K, used 8409K [0x0000000080000000, 0x0000000084000000, 0x00000000d5580000)
  object space 65536K, 12% used [0x0000000080000000,0x0000000080836410,0x0000000084000000)
 Metaspace       used 20554K, capacity 21224K, committed 21296K, reserved 1067008K
  class space    used 2878K, capacity 3076K, committed 3120K, reserved 1048576K
Event: 4.111 GC heap after
Heap after GC invocations=8 (full 1):
 PSYoungGen      total 107520K, used 0K [0x00000000d5580000, 0x00000000dca80000, 0x0000000100000000)
  eden space 96768K, 0% used [0x00000000d5580000,0x00000000d5580000,0x00000000db400000)
  from space 10752K, 0% used [0x00000000db400000,0x00000000db400000,0x00000000dbe80000)
  to   space 9216K, 0% used [0x00000000dbe80000,0x00000000dbe80000,0x00000000dc780000)
 ParOldGen       total 40448K, used 6753K [0x0000000080000000, 0x0000000082780000, 0x00000000d5580000)
  object space 40448K, 16% used [0x0000000080000000,0x00000000806987d8,0x0000000082780000)
 Metaspace       used 20554K, capacity 21224K, committed 21296K, reserved 1067008K
  class space    used 2878K, capacity 3076K, committed 3120K, reserved 1048576K
}
Event: 5.673 GC heap before
{Heap before GC invocations=9 (full 1):
 PSYoungGen      total 107520K, used 96768K [0x00000000d5580000, 0x00000000dca80000, 0x0000000100000000)
  eden space 96768K, 100% used [0x00000000d5580000,0x00000000db400000,0x00000000db400000)
  from space 10752K, 0% used [0x00000000db400000,0x00000000db400000,0x00000000dbe80000)
  to   space 9216K, 0% used [0x00000000dbe80000,0x00000000dbe80000,0x00000000dc780000)
 ParOldGen       total 40448K, used 6753K [0x0000000080000000, 0x0000000082780000, 0x00000000d5580000)
  object space 40448K, 16% used [0x0000000080000000,0x00000000806987d8,0x0000000082780000)
 Metaspace       used 31285K, capacity 32186K, committed 32432K, reserved 1077248K
  class space    used 4258K, capacity 4468K, committed 4528K, reserved 1048576K
Event: 5.687 GC heap after
Heap after GC invocations=9 (full 1):
 PSYoungGen      total 105984K, used 9207K [0x00000000d5580000, 0x00000000dca80000, 0x0000000100000000)
  eden space 96768K, 0% used [0x00000000d5580000,0x00000000d5580000,0x00000000db400000)
  from space 9216K, 99% used [0x00000000dbe80000,0x00000000dc77de20,0x00000000dc780000)
  to   space 10752K, 0% used [0x00000000db400000,0x00000000db400000,0x00000000dbe80000)
 ParOldGen       total 40448K, used 8950K [0x0000000080000000, 0x0000000082780000, 0x00000000d5580000)
  object space 40448K, 22% used [0x0000000080000000,0x00000000808bdb80,0x0000000082780000)
 Metaspace       used 31285K, capacity 32186K, committed 32432K, reserved 1077248K
  class space    used 4258K, capacity 4468K, committed 4528K, reserved 1048576K
}
Event: 6.436 GC heap before
{Heap before GC invocations=10 (full 1):
 PSYoungGen      total 105984K, used 71182K [0x00000000d5580000, 0x00000000dca80000, 0x0000000100000000)
  eden space 96768K, 64% used [0x00000000d5580000,0x00000000d9205c28,0x00000000db400000)
  from space 9216K, 99% used [0x00000000dbe80000,0x00000000dc77de20,0x00000000dc780000)
  to   space 10752K, 0% used [0x00000000db400000,0x00000000db400000,0x00000000dbe80000)
 ParOldGen       total 40448K, used 8950K [0x0000000080000000, 0x0000000082780000, 0x00000000d5580000)
  object space 40448K, 22% used [0x0000000080000000,0x00000000808bdb80,0x0000000082780000)
 Metaspace       used 34329K, capacity 35420K, committed 35496K, reserved 1079296K
  class space    used 4732K, capacity 5003K, committed 5040K, reserved 1048576K
Event: 6.449 GC heap after
Heap after GC invocations=10 (full 1):
 PSYoungGen      total 107520K, used 9602K [0x00000000d5580000, 0x00000000dca80000, 0x0000000100000000)
  eden space 96768K, 0% used [0x00000000d5580000,0x00000000d5580000,0x00000000db400000)
  from space 10752K, 89% used [0x00000000db400000,0x00000000dbd60b90,0x00000000dbe80000)
  to   space 9216K, 0% used [0x00000000dbe80000,0x00000000dbe80000,0x00000000dc780000)
 ParOldGen       total 40448K, used 8958K [0x0000000080000000, 0x0000000082780000, 0x00000000d5580000)
  object space 40448K, 22% used [0x0000000080000000,0x00000000808bfb80,0x0000000082780000)
 Metaspace       used 34329K, capacity 35420K, committed 35496K, reserved 1079296K
  class space    used 4732K, capacity 5003K, committed 5040K, reserved 1048576K
}
Event: 6.449 GC heap before
{Heap before GC invocations=11 (full 2):
 PSYoungGen      total 107520K, used 9602K [0x00000000d5580000, 0x00000000dca80000, 0x0000000100000000)
  eden space 96768K, 0% used [0x00000000d5580000,0x00000000d5580000,0x00000000db400000)
  from space 10752K, 89% used [0x00000000db400000,0x00000000dbd60b90,0x00000000dbe80000)
  to   space 9216K, 0% used [0x00000000dbe80000,0x00000000dbe80000,0x00000000dc780000)
 ParOldGen       total 40448K, used 8958K [0x0000000080000000, 0x0000000082780000, 0x00000000d5580000)
  object space 40448K, 22% used [0x0000000080000000,0x00000000808bfb80,0x0000000082780000)
 Metaspace       used 34329K, capacity 35420K, committed 35496K, reserved 1079296K
  class space    used 4732K, capacity 5003K, committed 5040K, reserved 1048576K
Event: 6.517 GC heap after
Heap after GC invocations=11 (full 2):
 PSYoungGen      total 107520K, used 0K [0x00000000d5580000, 0x00000000dca80000, 0x0000000100000000)
  eden space 96768K, 0% used [0x00000000d5580000,0x00000000d5580000,0x00000000db400000)
  from space 10752K, 0% used [0x00000000db400000,0x00000000db400000,0x00000000dbe80000)
  to   space 9216K, 0% used [0x00000000dbe80000,0x00000000dbe80000,0x00000000dc780000)
 ParOldGen       total 60416K, used 15858K [0x0000000080000000, 0x0000000083b00000, 0x00000000d5580000)
  object space 60416K, 26% used [0x0000000080000000,0x0000000080f7c998,0x0000000083b00000)
 Metaspace       used 34329K, capacity 35420K, committed 35496K, reserved 1079296K
  class space    used 4732K, capacity 5003K, committed 5040K, reserved 1048576K
}

Deoptimization events (10 events):
Event: 4.642 Thread 0x000000001ca8c000 Uncommon trap: reason=unstable_if action=reinterpret pc=0x0000000003538274 method=java.util.HashMap.putVal(ILjava/lang/Object;Ljava/lang/Object;ZZ)Ljava/lang/Object; @ 162
Event: 5.190 Thread 0x000000001ca8c000 Uncommon trap: reason=unstable_if action=reinterpret pc=0x00000000035784e8 method=java.net.URLClassLoader.defineClass(Ljava/lang/String;Lsun/misc/Resource;)Ljava/lang/Class; @ 21
Event: 5.192 Thread 0x000000001ca8c000 Uncommon trap: reason=unstable_if action=reinterpret pc=0x00000000034c4d60 method=java.lang.ClassLoader.getClassLoadingLock(Ljava/lang/String;)Ljava/lang/Object; @ 6
Event: 5.604 Thread 0x000000001ca8c000 Uncommon trap: reason=unstable_if action=reinterpret pc=0x000000000359b1b8 method=java.util.HashMap.getNode(ILjava/lang/Object;)Ljava/util/HashMap$Node; @ 53
Event: 5.689 Thread 0x000000001805c000 Uncommon trap: reason=unstable_if action=reinterpret pc=0x000000000352074c method=java.lang.ref.Reference.tryHandlePending(Z)Z @ 104
Event: 5.732 Thread 0x000000001ca8c000 Uncommon trap: reason=unstable_if action=reinterpret pc=0x00000000038e0fac method=org.gradle.internal.reflect.PropertyAccessorType.isGetGetterName(Ljava/lang/String;)Z @ 14
Event: 5.764 Thread 0x000000001ca8c000 Uncommon trap: reason=unstable_if action=reinterpret pc=0x00000000036ad300 method=org.objectweb.asm.ByteVector.putShort(I)Lorg/objectweb/asm/ByteVector; @ 13
Event: 5.890 Thread 0x000000001ca8c000 Uncommon trap: reason=unstable_if action=reinterpret pc=0x00000000035e5ca4 method=java.net.URLClassLoader.defineClass(Ljava/lang/String;Lsun/misc/Resource;)Ljava/lang/Class; @ 21
Event: 5.975 Thread 0x000000001ca8c000 Uncommon trap: reason=unstable_if action=reinterpret pc=0x0000000003976fd0 method=org.codehaus.groovy.runtime.metaclass.MetaMethodIndex.addMethodToList(Ljava/lang/Object;Lgroovy/lang/MetaMethod;)Ljava/lang/Object; @ 226
Event: 6.013 Thread 0x000000001ca8c000 Uncommon trap: reason=unstable_if action=reinterpret pc=0x0000000003752fa4 method=java.util.WeakHashMap.put(Ljava/lang/Object;Ljava/lang/Object;)Ljava/lang/Object; @ 59

Classes redefined (0 events):
No events

Internal exceptions (10 events):
Event: 6.019 Thread 0x000000001ca8c000 Exception <a 'java/lang/ClassNotFoundException': org/gradle/api/internal/artifacts/dsl/DefaultRepositoryHandlerCustomizer> (0x00000000d70466e8) thrown at [C:\src\AOSP-openjdk-git\hotspot\src\share\vm\classfile\systemDictionary.cpp, line 210]
Event: 6.022 Thread 0x000000001ca8c000 Exception <a 'java/lang/ClassNotFoundException': org/gradle/api/internal/artifacts/dsl/DefaultRepositoryHandler_DecoratedCustomizer> (0x00000000d70ca030) thrown at [C:\src\AOSP-openjdk-git\hotspot\src\share\vm\classfile\systemDictionary.cpp, line 210]
Event: 6.220 Thread 0x000000001ca8c000 Exception <a 'java/lang/ClassNotFoundException': org/gradle/api/internal/artifacts/dsl/dependencies/DefaultDependencyHandler_DecoratedBeanInfo> (0x00000000d7e3c4f0) thrown at [C:\src\AOSP-openjdk-git\hotspot\src\share\vm\classfile\systemDictionary.cpp, li
Event: 6.222 Thread 0x000000001ca8c000 Exception <a 'java/lang/ClassNotFoundException': org/gradle/api/internal/artifacts/dsl/dependencies/DefaultDependencyHandlerBeanInfo> (0x00000000d7e94e30) thrown at [C:\src\AOSP-openjdk-git\hotspot\src\share\vm\classfile\systemDictionary.cpp, line 210]
Event: 6.222 Thread 0x000000001ca8c000 Exception <a 'java/lang/ClassNotFoundException': org/gradle/api/internal/artifacts/dsl/dependencies/DefaultDependencyHandlerCustomizer> (0x00000000d7eeea70) thrown at [C:\src\AOSP-openjdk-git\hotspot\src\share\vm\classfile\systemDictionary.cpp, line 210]
Event: 6.226 Thread 0x000000001ca8c000 Exception <a 'java/lang/ClassNotFoundException': org/gradle/api/internal/artifacts/dsl/dependencies/DefaultDependencyHandler_DecoratedCustomizer> (0x00000000d7f79780) thrown at [C:\src\AOSP-openjdk-git\hotspot\src\share\vm\classfile\systemDictionary.cpp, 
Event: 6.312 Thread 0x000000001ca8c000 Exception <a 'java/lang/NoSuchMethodError': java.lang.Object.lambda$static$0(Lorg/gradle/api/internal/artifacts/configurations/MutationValidator$MutationType;)V> (0x00000000d85e7ec8) thrown at [C:\src\AOSP-openjdk-git\hotspot\src\share\vm\interpreter\link
Event: 6.534 Thread 0x000000001ca8c000 Exception <a 'java/lang/NoSuchMethodError': java.lang.Object.lambda$static$0(Lorg/gradle/internal/component/model/DependencyMetadata;)Lorg/gradle/api/internal/artifacts/ivyservice/dependencysubstitution/DependencySubstitutionApplicator$SubstitutionResult;
Event: 6.602 Thread 0x000000001ca8c000 Exception <a 'java/lang/IncompatibleClassChangeError': Found class java.lang.Object, but interface was expected> (0x00000000d5bbd080) thrown at [C:\src\AOSP-openjdk-git\hotspot\src\share\vm\interpreter\linkResolver.cpp, line 653]
Event: 6.604 Thread 0x000000001ca8c000 Exception <a 'java/lang/NoSuchMethodError': java.lang.Object.lambda$thenComparing$36697e65$1(Ljava/util/Comparator;Ljava/lang/Object;Ljava/lang/Object;)I> (0x00000000d5bc89b0) thrown at [C:\src\AOSP-openjdk-git\hotspot\src\share\vm\interpreter\linkResolve

Events (10 events):
Event: 6.641 loading class org/gradle/api/internal/artifacts/ivyservice/resolveengine/graph/builder/ResolveState
Event: 6.641 loading class org/gradle/api/internal/artifacts/ivyservice/resolveengine/graph/builder/ResolveState done
Event: 6.643 loading class org/gradle/internal/resolve/result/BuildableComponentIdResolveResult
Event: 6.643 loading class org/gradle/internal/resolve/result/BuildableComponentIdResolveResult done
Event: 6.644 loading class org/gradle/internal/resolve/result/ComponentIdResolveResult
Event: 6.644 loading class org/gradle/internal/resolve/result/ComponentIdResolveResult done
Event: 6.646 loading class org/gradle/internal/component/model/DefaultComponentOverrideMetadata
Event: 6.646 loading class org/gradle/internal/component/model/DefaultComponentOverrideMetadata done
Event: 6.647 loading class org/gradle/internal/component/model/ComponentOverrideMetadata
Event: 6.647 loading class org/gradle/internal/component/model/ComponentOverrideMetadata done


Dynamic libraries:
0x00007ff79bfe0000 - 0x00007ff79c011000 	C:\Program Files\Android\Android Studio\jre\bin\java.exe
0x00007ff8fae70000 - 0x00007ff8fb066000 	C:\Windows\SYSTEM32\ntdll.dll
0x00007ff8facc0000 - 0x00007ff8fad7d000 	C:\Windows\System32\KERNEL32.DLL
0x00007ff8f8760000 - 0x00007ff8f8a28000 	C:\Windows\System32\KERNELBASE.dll
0x00007ff8fab80000 - 0x00007ff8fac2a000 	C:\Windows\System32\ADVAPI32.dll
0x00007ff8f9090000 - 0x00007ff8f912e000 	C:\Windows\System32\msvcrt.dll
0x00007ff8f9390000 - 0x00007ff8f942b000 	C:\Windows\System32\sechost.dll
0x00007ff8f9130000 - 0x00007ff8f9254000 	C:\Windows\System32\RPCRT4.dll
0x00007ff8fa750000 - 0x00007ff8fa8f0000 	C:\Windows\System32\USER32.dll
0x00007ff8f8dc0000 - 0x00007ff8f8de2000 	C:\Windows\System32\win32u.dll
0x00007ff8fac30000 - 0x00007ff8fac5a000 	C:\Windows\System32\GDI32.dll
0x00007ff8f85f0000 - 0x00007ff8f86f9000 	C:\Windows\System32\gdi32full.dll
0x00007ff8f8e40000 - 0x00007ff8f8edd000 	C:\Windows\System32\msvcp_win.dll
0x00007ff8f8a30000 - 0x00007ff8f8b30000 	C:\Windows\System32\ucrtbase.dll
0x00007ff8ef000000 - 0x00007ff8ef29b000 	C:\Windows\WinSxS\amd64_microsoft.windows.common-controls_6595b64144ccf1df_6.0.19041.488_none_ca04af081b815d21\COMCTL32.dll
0x00007ff8fa620000 - 0x00007ff8fa650000 	C:\Windows\System32\IMM32.DLL
0x000000005ca50000 - 0x000000005cb22000 	C:\Program Files\Android\Android Studio\jre\jre\bin\msvcr100.dll
0x000000005e330000 - 0x000000005eb7b000 	C:\Program Files\Android\Android Studio\jre\jre\bin\server\jvm.dll
0x00007ff8f9430000 - 0x00007ff8f9438000 	C:\Windows\System32\PSAPI.DLL
0x00007ff8f0c20000 - 0x00007ff8f0c47000 	C:\Windows\SYSTEM32\WINMM.dll
0x00007ff8e91f0000 - 0x00007ff8e91f9000 	C:\Windows\SYSTEM32\WSOCK32.dll
0x00007ff8f0fc0000 - 0x00007ff8f0fca000 	C:\Windows\SYSTEM32\VERSION.dll
0x00007ff8fa680000 - 0x00007ff8fa6eb000 	C:\Windows\System32\WS2_32.dll
0x00007ff8e9190000 - 0x00007ff8e919f000 	C:\Program Files\Android\Android Studio\jre\jre\bin\verify.dll
0x00007ff8dcd10000 - 0x00007ff8dcd39000 	C:\Program Files\Android\Android Studio\jre\jre\bin\java.dll
0x00007ff8df7d0000 - 0x00007ff8df7e6000 	C:\Program Files\Android\Android Studio\jre\jre\bin\zip.dll
0x00007ff8f9450000 - 0x00007ff8f9b90000 	C:\Windows\System32\SHELL32.dll
0x00007ff8f6710000 - 0x00007ff8f6ea4000 	C:\Windows\SYSTEM32\windows.storage.dll
0x00007ff8fa260000 - 0x00007ff8fa5b5000 	C:\Windows\System32\combase.dll
0x00007ff8f7fc0000 - 0x00007ff8f7fec000 	C:\Windows\SYSTEM32\Wldp.dll
0x00007ff8f9cc0000 - 0x00007ff8f9d6e000 	C:\Windows\System32\SHCORE.dll
0x00007ff8fac60000 - 0x00007ff8facb5000 	C:\Windows\System32\shlwapi.dll
0x00007ff8f84f0000 - 0x00007ff8f8516000 	C:\Windows\SYSTEM32\profapi.dll
0x00007ff8df6e0000 - 0x00007ff8df6fa000 	C:\Program Files\Android\Android Studio\jre\jre\bin\net.dll
0x00007ff8f7ce0000 - 0x00007ff8f7d4a000 	C:\Windows\system32\mswsock.dll
0x00007ff8df220000 - 0x00007ff8df233000 	C:\Program Files\Android\Android Studio\jre\jre\bin\nio.dll
0x00007ff8f3b80000 - 0x00007ff8f3ba7000 	C:\Users\Asus\.gradle\native\f6784746aeab05261644944871eae4fe03e0ef1612fff0a4a95f87b438bc6780\windows-amd64\native-platform.dll
0x00007ff8e8e20000 - 0x00007ff8e8e2d000 	C:\Program Files\Android\Android Studio\jre\jre\bin\management.dll
0x00007ff8f7ec0000 - 0x00007ff8f7ed8000 	C:\Windows\SYSTEM32\CRYPTSP.dll
0x00007ff8f7670000 - 0x00007ff8f76a4000 	C:\Windows\system32\rsaenh.dll
0x00007ff8f85c0000 - 0x00007ff8f85e7000 	C:\Windows\System32\bcrypt.dll
0x00007ff8f8470000 - 0x00007ff8f849e000 	C:\Windows\SYSTEM32\USERENV.dll
0x00007ff8f8c90000 - 0x00007ff8f8d0f000 	C:\Windows\System32\bcryptprimitives.dll
0x00007ff8f7eb0000 - 0x00007ff8f7ebc000 	C:\Windows\SYSTEM32\CRYPTBASE.dll
0x00007ff8f79d0000 - 0x00007ff8f7a0b000 	C:\Windows\SYSTEM32\IPHLPAPI.DLL
0x00007ff8fa650000 - 0x00007ff8fa659000 	C:\Windows\System32\NSI.dll
0x00007ff8f1e20000 - 0x00007ff8f1e37000 	C:\Windows\SYSTEM32\dhcpcsvc6.DLL
0x00007ff8f2f00000 - 0x00007ff8f2f1d000 	C:\Windows\SYSTEM32\dhcpcsvc.DLL
0x00007ff8f7a10000 - 0x00007ff8f7adb000 	C:\Windows\SYSTEM32\DNSAPI.dll
0x00007ff8f2f20000 - 0x00007ff8f2f2b000 	C:\Windows\SYSTEM32\WINNSI.DLL

VM Arguments:
jvm_args: -Xmx2048m -Dfile.encoding=UTF-8 -Duser.country=US -Duser.language=en -Duser.variant 
java_command: org.gradle.launcher.daemon.bootstrap.GradleDaemon 6.5
java_class_path (initial): C:\Users\Asus\.gradle\wrapper\dists\gradle-6.5-bin\6nifqtx7604sqp1q6g8wikw7p\gradle-6.5\lib\gradle-launcher-6.5.jar
Launcher Type: SUN_STANDARD

Environment Variables:
PATH=C:\Program Files\Common Files\Oracle\Java\javapath;C:\Python39\Scripts\;C:\Python39\;C:\Windows\system32;C:\Windows;C:\Windows\System32\Wbem;C:\Windows\System32\WindowsPowerShell\v1.0\;C:\Windows\System32\OpenSSH\;C:\Program Files\IBM\SPSS\Statistics\25\JRE\bin;C:\Program Files\Git\cmd;C:\Program Files\nodejs\;C:\ProgramData\chocolatey\bin;C:\Users\Asus\AppData\Local\Microsoft\WindowsApps;;C:\Users\Asus\AppData\Local\Programs\Microsoft VS Code\bin;C:\Users\Asus\AppData\Roaming\npm
USERNAME=Asus
OS=Windows_NT
PROCESSOR_IDENTIFIER=AMD64 Family 23 Model 24 Stepping 1, AuthenticAMD



---------------  S Y S T E M  ---------------

OS: Windows 10.0 , 64 bit Build 19041 (10.0.19041.546)

CPU:total 8 (initial active 8) (8 cores per cpu, 1 threads per core) family 23 model 24 stepping 1, cmov, cx8, fxsr, mmx, sse, sse2, sse3, ssse3, sse4.1, sse4.2, popcnt, avx, avx2, aes, clmul, mmxext, 3dnowpref, lzcnt, sse4a, tsc, tscinvbit, tscinv, bmi1

Memory: 4k page, physical 6234504k(1057416k free), swap 6234504k(5636k free)

vm_info: OpenJDK 64-Bit Server VM (25.242-b01) for windows-amd64 JRE (1.8.0_242-release-1644-b01), built by "builder" with MS VC++ 10.0 (VS2010)

time: Wed Nov 18 15:43:37 2020
timezone: India Standard Time
elapsed time: 6 seconds (0d 0h 0m 6s)

