#
# There is insufficient memory for the Java Runtime Environment to continue.
# Native memory allocation (malloc) failed to allocate 1401056 bytes for Chunk::new
# Possible reasons:
#   The system is out of physical RAM or swap space
#   The process is running with CompressedOops enabled, and the Java Heap may be blocking the growth of the native heap
# Possible solutions:
#   Reduce memory load on the system
#   Increase physical memory or swap space
#   Check if swap backing store is full
#   Decrease Java heap size (-Xmx/-Xms)
#   Decrease number of Java threads
#   Decrease Java thread stack sizes (-Xss)
#   Set larger code cache with -XX:ReservedCodeCacheSize=
#   JVM is running with Unscaled Compressed Oops mode in which the Java heap is
#     placed in the first 4GB address space. The Java Heap base address is the
#     maximum limit for the native heap growth. Please use -XX:HeapBaseMinAddress
#     to set the Java Heap base and to place the Java Heap above 4GB virtual address.
# This output file may be truncated or incomplete.
#
#  Out of Memory Error (allocation.cpp:389), pid=12236, tid=0x0000000000001f38
#
# JRE version: OpenJDK Runtime Environment (8.0_242-b01) (build 1.8.0_242-release-1644-b01)
# Java VM: OpenJDK 64-Bit Server VM (25.242-b01 mixed mode windows-amd64 compressed oops)
# Failed to write core dump. Minidumps are not enabled by default on client versions of Windows
#

---------------  T H R E A D  ---------------

Current thread (0x0000000019528000):  JavaThread "C2 CompilerThread2" daemon [_thread_in_native, id=7992, stack(0x000000001a000000,0x000000001a100000)]

Stack: [0x000000001a000000,0x000000001a100000]
[error occurred during error reporting (printing stack bounds), id 0xc0000005]

Native frames: (J=compiled Java code, j=interpreted, Vv=VM code, C=native code)


Current CompileTask:
C2:   3585 1458       4       java.net.URLClassLoader$1::run (5 bytes)


---------------  P R O C E S S  ---------------

Java Threads: ( => current thread )
  0x000000001b357800 JavaThread "Cache worker for file hash cache (C:\Users\Asus\.gradle\caches\6.5\fileHashes)" [_thread_blocked, id=10508, stack(0x000000001e420000,0x000000001e520000)]
  0x000000001b357000 JavaThread "File lock request listener" [_thread_in_native, id=1656, stack(0x000000001e320000,0x000000001e420000)]
  0x000000001c04c000 JavaThread "Cache worker for journal cache (C:\Users\Asus\.gradle\caches\journal-1)" [_thread_blocked, id=6084, stack(0x000000001e220000,0x000000001e320000)]
  0x000000001b382000 JavaThread "Thread-9" [_thread_blocked, id=1644, stack(0x000000001df20000,0x000000001e020000)]
  0x000000001b381800 JavaThread "Stdin handler" [_thread_blocked, id=10164, stack(0x000000001de20000,0x000000001df20000)]
  0x000000001b380800 JavaThread "Asynchronous log dispatcher for DefaultDaemonConnection: socket connection from /127.0.0.1:53817 to /127.0.0.1:53818" [_thread_blocked, id=7244, stack(0x000000001dd20000,0x000000001de20000)]
  0x000000001be67000 JavaThread "Daemon worker" [_thread_in_Java, id=1260, stack(0x000000001dc20000,0x000000001dd20000)]
  0x000000001be8e000 JavaThread "Cancel handler" [_thread_blocked, id=9460, stack(0x000000001db20000,0x000000001dc20000)]
  0x000000001abfc000 JavaThread "Handler for socket connection from /127.0.0.1:53817 to /127.0.0.1:53818" [_thread_in_native, id=11060, stack(0x000000001d820000,0x000000001d920000)]
  0x000000001bbcd000 JavaThread "Daemon" [_thread_blocked, id=7212, stack(0x000000001d720000,0x000000001d820000)]
  0x000000001bdc8800 JavaThread "Daemon periodic checks" [_thread_blocked, id=7492, stack(0x000000001d620000,0x000000001d720000)]
  0x000000001bdc5800 JavaThread "Incoming local TCP Connector on port 53817" [_thread_in_native, id=11376, stack(0x000000001d3e0000,0x000000001d4e0000)]
  0x000000001bd08800 JavaThread "Daemon health stats" [_thread_blocked, id=10476, stack(0x000000001cda0000,0x000000001cea0000)]
  0x00000000195c2800 JavaThread "Service Thread" daemon [_thread_blocked, id=1396, stack(0x000000001a200000,0x000000001a300000)]
  0x0000000019537000 JavaThread "C1 CompilerThread3" daemon [_thread_blocked, id=7452, stack(0x000000001a100000,0x000000001a200000)]
=>0x0000000019528000 JavaThread "C2 CompilerThread2" daemon [_thread_in_native, id=7992, stack(0x000000001a000000,0x000000001a100000)]
  0x0000000019526800 JavaThread "C2 CompilerThread1" daemon [_thread_in_native, id=2660, stack(0x0000000019f00000,0x000000001a000000)]
  0x0000000019524000 JavaThread "C2 CompilerThread0" daemon [_thread_in_native, id=11888, stack(0x0000000019e00000,0x0000000019f00000)]
  0x0000000019522800 JavaThread "Attach Listener" daemon [_thread_blocked, id=5540, stack(0x0000000019d00000,0x0000000019e00000)]
  0x0000000019521000 JavaThread "Signal Dispatcher" daemon [_thread_blocked, id=11364, stack(0x0000000019c00000,0x0000000019d00000)]
  0x000000000266e000 JavaThread "Finalizer" daemon [_thread_blocked, id=3132, stack(0x00000000199f0000,0x0000000019af0000)]
  0x000000001771c800 JavaThread "Reference Handler" daemon [_thread_blocked, id=1280, stack(0x00000000198f0000,0x00000000199f0000)]
  0x000000000243e000 JavaThread "main" [_thread_blocked, id=1276, stack(0x0000000002450000,0x0000000002550000)]

Other Threads:
  0x0000000017717800 VMThread [stack: 0x00000000193f0000,0x00000000194f0000] [id=4868]
  0x00000000195c3000 WatcherThread [stack: 0x000000001a300000,0x000000001a400000] [id=12056]

VM state:not at safepoint (normal execution)

VM Mutex/Monitor currently owned by a thread: None

heap address: 0x0000000080000000, size: 2048 MB, Compressed Oops mode: 32-bit
Narrow klass base: 0x0000000000000000, Narrow klass shift: 3
Compressed class space size: 1073741824 Address: 0x0000000100000000

Heap:
 PSYoungGen      total 53248K, used 20046K [0x00000000d5580000, 0x00000000dc780000, 0x0000000100000000)
  eden space 49152K, 32% used [0x00000000d5580000,0x00000000d65178c0,0x00000000d8580000)
  from space 4096K, 99% used [0x00000000d8580000,0x00000000d897c030,0x00000000d8980000)
  to   space 9216K, 0% used [0x00000000dbe80000,0x00000000dbe80000,0x00000000dc780000)
 ParOldGen       total 65536K, used 6750K [0x0000000080000000, 0x0000000084000000, 0x00000000d5580000)
  object space 65536K, 10% used [0x0000000080000000,0x0000000080697a38,0x0000000084000000)
 Metaspace       used 17589K, capacity 18164K, committed 18304K, reserved 1064960K
  class space    used 2415K, capacity 2628K, committed 2688K, reserved 1048576K

Card table byte_map: [0x0000000011a40000,0x0000000011e50000] byte_map_base: 0x0000000011640000

Marking Bits: (ParMarkBitMap*) 0x000000005eaff030
 Begin Bits: [0x0000000012900000, 0x0000000014900000)
 End Bits:   [0x0000000014900000, 0x0000000016900000)

Polling page: 0x0000000002550000

CodeCache: size=245760Kb used=5460Kb max_used=5460Kb free=240299Kb
 bounds [0x0000000002680000, 0x0000000002be0000, 0x0000000011680000]
 total_blobs=1963 nmethods=1561 adapters=316
 compilation: enabled

Compilation events (10 events):
Event: 3.561 Thread 0x0000000019537000 1563       3       sun.misc.ProxyGenerator::code_aload (11 bytes)
Event: 3.561 Thread 0x0000000019537000 nmethod 1563 0x0000000002bd5510 code [0x0000000002bd5680, 0x0000000002bd5828]
Event: 3.561 Thread 0x0000000019537000 1564       1       sun.misc.ProxyGenerator::access$800 (5 bytes)
Event: 3.561 Thread 0x0000000019537000 nmethod 1564 0x0000000002bd58d0 code [0x0000000002bd5a20, 0x0000000002bd5b10]
Event: 3.567 Thread 0x0000000019537000 1565       3       java.util.ArrayList::toArray (60 bytes)
Event: 3.568 Thread 0x0000000019537000 nmethod 1565 0x0000000002bd5b90 code [0x0000000002bd5d20, 0x0000000002bd62d8]
Event: 3.578 Thread 0x0000000019537000 1566       3       org.gradle.internal.service.DefaultServiceRegistry$ManagedObjectServiceProvider::requiredBy (20 bytes)
Event: 3.579 Thread 0x0000000019537000 nmethod 1566 0x0000000002bd6650 code [0x0000000002bd67e0, 0x0000000002bd6d08]
Event: 3.579 Thread 0x0000000019537000 1567       3       org.gradle.internal.service.DefaultServiceRegistry$ManagedObjectServiceProvider::fromSameRegistry (27 bytes)
Event: 3.579 Thread 0x0000000019537000 nmethod 1567 0x0000000002bd6e50 code [0x0000000002bd6fc0, 0x0000000002bd7390]

GC Heap History (10 events):
Event: 0.940 GC heap before
{Heap before GC invocations=1 (full 0):
 PSYoungGen      total 28672K, used 24576K [0x00000000d5580000, 0x00000000d7580000, 0x0000000100000000)
  eden space 24576K, 100% used [0x00000000d5580000,0x00000000d6d80000,0x00000000d6d80000)
  from space 4096K, 0% used [0x00000000d7180000,0x00000000d7180000,0x00000000d7580000)
  to   space 4096K, 0% used [0x00000000d6d80000,0x00000000d6d80000,0x00000000d7180000)
 ParOldGen       total 65536K, used 0K [0x0000000080000000, 0x0000000084000000, 0x00000000d5580000)
  object space 65536K, 0% used [0x0000000080000000,0x0000000080000000,0x0000000084000000)
 Metaspace       used 6569K, capacity 6856K, committed 7168K, reserved 1056768K
  class space    used 810K, capacity 908K, committed 1024K, reserved 1048576K
Event: 0.946 GC heap after
Heap after GC invocations=1 (full 0):
 PSYoungGen      total 28672K, used 3365K [0x00000000d5580000, 0x00000000d7580000, 0x0000000100000000)
  eden space 24576K, 0% used [0x00000000d5580000,0x00000000d5580000,0x00000000d6d80000)
  from space 4096K, 82% used [0x00000000d6d80000,0x00000000d70c9718,0x00000000d7180000)
  to   space 4096K, 0% used [0x00000000d7180000,0x00000000d7180000,0x00000000d7580000)
 ParOldGen       total 65536K, used 16K [0x0000000080000000, 0x0000000084000000, 0x00000000d5580000)
  object space 65536K, 0% used [0x0000000080000000,0x0000000080004000,0x0000000084000000)
 Metaspace       used 6569K, capacity 6856K, committed 7168K, reserved 1056768K
  class space    used 810K, capacity 908K, committed 1024K, reserved 1048576K
}
Event: 1.359 GC heap before
{Heap before GC invocations=2 (full 0):
 PSYoungGen      total 28672K, used 27941K [0x00000000d5580000, 0x00000000d7580000, 0x0000000100000000)
  eden space 24576K, 100% used [0x00000000d5580000,0x00000000d6d80000,0x00000000d6d80000)
  from space 4096K, 82% used [0x00000000d6d80000,0x00000000d70c9718,0x00000000d7180000)
  to   space 4096K, 0% used [0x00000000d7180000,0x00000000d7180000,0x00000000d7580000)
 ParOldGen       total 65536K, used 16K [0x0000000080000000, 0x0000000084000000, 0x00000000d5580000)
  object space 65536K, 0% used [0x0000000080000000,0x0000000080004000,0x0000000084000000)
 Metaspace       used 7246K, capacity 7502K, committed 7680K, reserved 1056768K
  class space    used 890K, capacity 973K, committed 1024K, reserved 1048576K
Event: 1.365 GC heap after
Heap after GC invocations=2 (full 0):
 PSYoungGen      total 28672K, used 3033K [0x00000000d5580000, 0x00000000d8d80000, 0x0000000100000000)
  eden space 24576K, 0% used [0x00000000d5580000,0x00000000d5580000,0x00000000d6d80000)
  from space 4096K, 74% used [0x00000000d7180000,0x00000000d74765d0,0x00000000d7580000)
  to   space 4096K, 0% used [0x00000000d6d80000,0x00000000d6d80000,0x00000000d7180000)
 ParOldGen       total 65536K, used 24K [0x0000000080000000, 0x0000000084000000, 0x00000000d5580000)
  object space 65536K, 0% used [0x0000000080000000,0x0000000080006000,0x0000000084000000)
 Metaspace       used 7246K, capacity 7502K, committed 7680K, reserved 1056768K
  class space    used 890K, capacity 973K, committed 1024K, reserved 1048576K
}
Event: 1.654 GC heap before
{Heap before GC invocations=3 (full 0):
 PSYoungGen      total 28672K, used 27609K [0x00000000d5580000, 0x00000000d8d80000, 0x0000000100000000)
  eden space 24576K, 100% used [0x00000000d5580000,0x00000000d6d80000,0x00000000d6d80000)
  from space 4096K, 74% used [0x00000000d7180000,0x00000000d74765d0,0x00000000d7580000)
  to   space 4096K, 0% used [0x00000000d6d80000,0x00000000d6d80000,0x00000000d7180000)
 ParOldGen       total 65536K, used 24K [0x0000000080000000, 0x0000000084000000, 0x00000000d5580000)
  object space 65536K, 0% used [0x0000000080000000,0x0000000080006000,0x0000000084000000)
 Metaspace       used 7677K, capacity 7974K, committed 8320K, reserved 1056768K
  class space    used 971K, capacity 1045K, committed 1152K, reserved 1048576K
Event: 1.659 GC heap after
Heap after GC invocations=3 (full 0):
 PSYoungGen      total 28672K, used 3745K [0x00000000d5580000, 0x00000000d8d80000, 0x0000000100000000)
  eden space 24576K, 0% used [0x00000000d5580000,0x00000000d5580000,0x00000000d6d80000)
  from space 4096K, 91% used [0x00000000d6d80000,0x00000000d71285e8,0x00000000d7180000)
  to   space 4096K, 0% used [0x00000000d8980000,0x00000000d8980000,0x00000000d8d80000)
 ParOldGen       total 65536K, used 32K [0x0000000080000000, 0x0000000084000000, 0x00000000d5580000)
  object space 65536K, 0% used [0x0000000080000000,0x0000000080008000,0x0000000084000000)
 Metaspace       used 7677K, capacity 7974K, committed 8320K, reserved 1056768K
  class space    used 971K, capacity 1045K, committed 1152K, reserved 1048576K
}
Event: 2.696 GC heap before
{Heap before GC invocations=4 (full 0):
 PSYoungGen      total 28672K, used 28321K [0x00000000d5580000, 0x00000000d8d80000, 0x0000000100000000)
  eden space 24576K, 100% used [0x00000000d5580000,0x00000000d6d80000,0x00000000d6d80000)
  from space 4096K, 91% used [0x00000000d6d80000,0x00000000d71285e8,0x00000000d7180000)
  to   space 4096K, 0% used [0x00000000d8980000,0x00000000d8980000,0x00000000d8d80000)
 ParOldGen       total 65536K, used 32K [0x0000000080000000, 0x0000000084000000, 0x00000000d5580000)
  object space 65536K, 0% used [0x0000000080000000,0x0000000080008000,0x0000000084000000)
 Metaspace       used 12071K, capacity 12364K, committed 12544K, reserved 1060864K
  class space    used 1611K, capacity 1726K, committed 1792K, reserved 1048576K
Event: 2.705 GC heap after
Heap after GC invocations=4 (full 0):
 PSYoungGen      total 53248K, used 4064K [0x00000000d5580000, 0x00000000d8d80000, 0x0000000100000000)
  eden space 49152K, 0% used [0x00000000d5580000,0x00000000d5580000,0x00000000d8580000)
  from space 4096K, 99% used [0x00000000d8980000,0x00000000d8d78020,0x00000000d8d80000)
  to   space 4096K, 0% used [0x00000000d8580000,0x00000000d8580000,0x00000000d8980000)
 ParOldGen       total 65536K, used 1848K [0x0000000080000000, 0x0000000084000000, 0x00000000d5580000)
  object space 65536K, 2% used [0x0000000080000000,0x00000000801ce2c0,0x0000000084000000)
 Metaspace       used 12071K, capacity 12364K, committed 12544K, reserved 1060864K
  class space    used 1611K, capacity 1726K, committed 1792K, reserved 1048576K
}
Event: 3.336 GC heap before
{Heap before GC invocations=5 (full 0):
 PSYoungGen      total 53248K, used 53216K [0x00000000d5580000, 0x00000000d8d80000, 0x0000000100000000)
  eden space 49152K, 100% used [0x00000000d5580000,0x00000000d8580000,0x00000000d8580000)
  from space 4096K, 99% used [0x00000000d8980000,0x00000000d8d78020,0x00000000d8d80000)
  to   space 4096K, 0% used [0x00000000d8580000,0x00000000d8580000,0x00000000d8980000)
 ParOldGen       total 65536K, used 1848K [0x0000000080000000, 0x0000000084000000, 0x00000000d5580000)
  object space 65536K, 2% used [0x0000000080000000,0x00000000801ce2c0,0x0000000084000000)
 Metaspace       used 16648K, capacity 17292K, committed 17536K, reserved 1064960K
  class space    used 2237K, capacity 2400K, committed 2432K, reserved 1048576K
Event: 3.353 GC heap after
Heap after GC invocations=5 (full 0):
 PSYoungGen      total 53248K, used 4080K [0x00000000d5580000, 0x00000000dc780000, 0x0000000100000000)
  eden space 49152K, 0% used [0x00000000d5580000,0x00000000d5580000,0x00000000d8580000)
  from space 4096K, 99% used [0x00000000d8580000,0x00000000d897c030,0x00000000d8980000)
  to   space 9216K, 0% used [0x00000000dbe80000,0x00000000dbe80000,0x00000000dc780000)
 ParOldGen       total 65536K, used 6750K [0x0000000080000000, 0x0000000084000000, 0x00000000d5580000)
  object space 65536K, 10% used [0x0000000080000000,0x0000000080697a38,0x0000000084000000)
 Metaspace       used 16648K, capacity 17292K, committed 17536K, reserved 1064960K
  class space    used 2237K, capacity 2400K, committed 2432K, reserved 1048576K
}

Deoptimization events (10 events):
Event: 3.007 Thread 0x000000001be67000 Uncommon trap: reason=class_check action=maybe_recompile pc=0x00000000029902dc method=java.util.regex.Matcher.match(II)Z @ 86
Event: 3.007 Thread 0x000000001be67000 Uncommon trap: reason=class_check action=maybe_recompile pc=0x00000000029902dc method=java.util.regex.Matcher.match(II)Z @ 86
Event: 3.007 Thread 0x000000001be67000 Uncommon trap: reason=class_check action=maybe_recompile pc=0x0000000002832adc method=java.util.regex.Matcher.match(II)Z @ 86
Event: 3.149 Thread 0x000000001be67000 Uncommon trap: reason=unstable_if action=reinterpret pc=0x0000000002993f38 method=java.io.File.getName()Ljava/lang/String; @ 16
Event: 3.149 Thread 0x000000001be67000 Uncommon trap: reason=unstable_if action=reinterpret pc=0x00000000029964b0 method=java.lang.String.substring(I)Ljava/lang/String; @ 35
Event: 3.436 Thread 0x000000001be67000 Uncommon trap: reason=unstable_if action=reinterpret pc=0x000000000298c030 method=java.util.LinkedHashMap.afterNodeInsertion(Z)V @ 1
Event: 3.437 Thread 0x000000001be67000 Uncommon trap: reason=unstable_if action=reinterpret pc=0x00000000028e7304 method=java.util.HashMap.getNode(ILjava/lang/Object;)Ljava/util/HashMap$Node; @ 129
Event: 3.437 Thread 0x000000001be67000 Uncommon trap: reason=bimorphic action=maybe_recompile pc=0x0000000002b18a24 method=java.util.HashMap.putVal(ILjava/lang/Object;Ljava/lang/Object;ZZ)Ljava/lang/Object; @ 203
Event: 3.440 Thread 0x000000001be67000 Uncommon trap: reason=unstable_if action=reinterpret pc=0x00000000028cc384 method=java.util.HashMap.getNode(ILjava/lang/Object;)Ljava/util/HashMap$Node; @ 129
Event: 3.440 Thread 0x000000001be67000 Uncommon trap: reason=bimorphic action=maybe_recompile pc=0x0000000002b18a24 method=java.util.HashMap.putVal(ILjava/lang/Object;Ljava/lang/Object;ZZ)Ljava/lang/Object; @ 203

Classes redefined (0 events):
No events

Internal exceptions (10 events):
Event: 2.609 Thread 0x000000001abfc000 Exception <a 'java/lang/NoSuchMethodError': <clinit>> (0x00000000d6b6b4c0) thrown at [C:\src\AOSP-openjdk-git\hotspot\src\share\vm\prims\jni.cpp, line 1615]
Event: 2.613 Thread 0x000000001abfc000 Exception <a 'java/lang/NoSuchMethodError': <clinit>> (0x00000000d6b7faa8) thrown at [C:\src\AOSP-openjdk-git\hotspot\src\share\vm\prims\jni.cpp, line 1615]
Event: 2.640 Thread 0x000000001abfc000 Exception <a 'java/lang/NoSuchMethodError': <clinit>> (0x00000000d6beca50) thrown at [C:\src\AOSP-openjdk-git\hotspot\src\share\vm\prims\jni.cpp, line 1615]
Event: 2.650 Thread 0x000000001abfc000 Exception <a 'java/lang/NoSuchMethodError': <clinit>> (0x00000000d6c26eb8) thrown at [C:\src\AOSP-openjdk-git\hotspot\src\share\vm\prims\jni.cpp, line 1615]
Event: 2.657 Thread 0x000000001abfc000 Exception <a 'java/lang/NoSuchMethodError': <clinit>> (0x00000000d6c5c650) thrown at [C:\src\AOSP-openjdk-git\hotspot\src\share\vm\prims\jni.cpp, line 1615]
Event: 2.658 Thread 0x000000001abfc000 Exception <a 'java/lang/NoSuchMethodError': <clinit>> (0x00000000d6c68bb0) thrown at [C:\src\AOSP-openjdk-git\hotspot\src\share\vm\prims\jni.cpp, line 1615]
Event: 3.192 Thread 0x000000001be67000 Exception <a 'java/lang/NoSuchMethodError': java.lang.Object.lambda$and$0(Ljava/util/function/Predicate;Ljava/lang/Object;)Z> (0x00000000d787d2f8) thrown at [C:\src\AOSP-openjdk-git\hotspot\src\share\vm\interpreter\linkResolver.cpp, line 620]
Event: 3.198 Thread 0x000000001be67000 Exception <a 'java/lang/IncompatibleClassChangeError': Found class java.lang.Object, but interface was expected> (0x00000000d788d5f0) thrown at [C:\src\AOSP-openjdk-git\hotspot\src\share\vm\interpreter\linkResolver.cpp, line 653]
Event: 3.200 Thread 0x000000001be67000 Exception <a 'java/lang/NoSuchMethodError': java.lang.Object.lambda$or$2(Ljava/util/function/Predicate;Ljava/lang/Object;)Z> (0x00000000d7892140) thrown at [C:\src\AOSP-openjdk-git\hotspot\src\share\vm\interpreter\linkResolver.cpp, line 620]
Event: 3.503 Thread 0x000000001be67000 Exception <a 'java/lang/NoSuchMethodError': java.lang.Object.lambda$static$0(Lorg/gradle/internal/state/ModelObject;)Ljava/lang/String;> (0x00000000d6021430) thrown at [C:\src\AOSP-openjdk-git\hotspot\src\share\vm\interpreter\linkResolver.cpp, line 620]

Events (10 events):
Event: 3.576 loading class org/gradle/plugin/management/internal/SingletonPluginRequests
Event: 3.576 loading class org/gradle/plugin/management/internal/SingletonPluginRequests done
Event: 3.577 loading class org/gradle/plugin/management/internal/autoapply/DefaultAutoAppliedPluginHandler
Event: 3.577 loading class org/gradle/plugin/management/internal/autoapply/DefaultAutoAppliedPluginHandler done
Event: 3.579 loading class org/gradle/composite/internal/plugins/CompositeBuildPluginResolverContributor
Event: 3.579 loading class org/gradle/composite/internal/plugins/CompositeBuildPluginResolverContributor done
Event: 3.580 loading class org/gradle/composite/internal/plugins/CompositeBuildPluginResolverContributor$Resolution
Event: 3.580 loading class org/gradle/composite/internal/plugins/CompositeBuildPluginResolverContributor$Resolution done
Event: 3.581 loading class org/gradle/api/internal/initialization/loadercache/DefaultClassLoaderCache
Event: 3.581 loading class org/gradle/api/internal/initialization/loadercache/DefaultClassLoaderCache done


Dynamic libraries:
0x00007ff79bfe0000 - 0x00007ff79c011000 	C:\Program Files\Android\Android Studio\jre\bin\java.exe
0x00007ff8fae70000 - 0x00007ff8fb066000 	C:\Windows\SYSTEM32\ntdll.dll
0x00007ff8facc0000 - 0x00007ff8fad7d000 	C:\Windows\System32\KERNEL32.DLL
0x00007ff8f8760000 - 0x00007ff8f8a28000 	C:\Windows\System32\KERNELBASE.dll
0x00007ff8fab80000 - 0x00007ff8fac2a000 	C:\Windows\System32\ADVAPI32.dll
0x00007ff8f9090000 - 0x00007ff8f912e000 	C:\Windows\System32\msvcrt.dll
0x00007ff8f9390000 - 0x00007ff8f942b000 	C:\Windows\System32\sechost.dll
0x00007ff8f9130000 - 0x00007ff8f9254000 	C:\Windows\System32\RPCRT4.dll
0x00007ff8fa750000 - 0x00007ff8fa8f0000 	C:\Windows\System32\USER32.dll
0x00007ff8f8dc0000 - 0x00007ff8f8de2000 	C:\Windows\System32\win32u.dll
0x00007ff8fac30000 - 0x00007ff8fac5a000 	C:\Windows\System32\GDI32.dll
0x00007ff8f85f0000 - 0x00007ff8f86f9000 	C:\Windows\System32\gdi32full.dll
0x00007ff8f8e40000 - 0x00007ff8f8edd000 	C:\Windows\System32\msvcp_win.dll
0x00007ff8f8a30000 - 0x00007ff8f8b30000 	C:\Windows\System32\ucrtbase.dll
0x00007ff8ef000000 - 0x00007ff8ef29b000 	C:\Windows\WinSxS\amd64_microsoft.windows.common-controls_6595b64144ccf1df_6.0.19041.488_none_ca04af081b815d21\COMCTL32.dll
0x00007ff8fa620000 - 0x00007ff8fa650000 	C:\Windows\System32\IMM32.DLL
0x000000005ca50000 - 0x000000005cb22000 	C:\Program Files\Android\Android Studio\jre\jre\bin\msvcr100.dll
0x000000005e330000 - 0x000000005eb7b000 	C:\Program Files\Android\Android Studio\jre\jre\bin\server\jvm.dll
0x00007ff8f9430000 - 0x00007ff8f9438000 	C:\Windows\System32\PSAPI.DLL
0x00007ff8f0fc0000 - 0x00007ff8f0fca000 	C:\Windows\SYSTEM32\VERSION.dll
0x00007ff8f0c20000 - 0x00007ff8f0c47000 	C:\Windows\SYSTEM32\WINMM.dll
0x00007ff8e91f0000 - 0x00007ff8e91f9000 	C:\Windows\SYSTEM32\WSOCK32.dll
0x00007ff8fa680000 - 0x00007ff8fa6eb000 	C:\Windows\System32\WS2_32.dll
0x00007ff8e9190000 - 0x00007ff8e919f000 	C:\Program Files\Android\Android Studio\jre\jre\bin\verify.dll
0x00007ff8dcd10000 - 0x00007ff8dcd39000 	C:\Program Files\Android\Android Studio\jre\jre\bin\java.dll
0x00007ff8df7d0000 - 0x00007ff8df7e6000 	C:\Program Files\Android\Android Studio\jre\jre\bin\zip.dll
0x00007ff8f9450000 - 0x00007ff8f9b90000 	C:\Windows\System32\SHELL32.dll
0x00007ff8f6710000 - 0x00007ff8f6ea4000 	C:\Windows\SYSTEM32\windows.storage.dll
0x00007ff8fa260000 - 0x00007ff8fa5b5000 	C:\Windows\System32\combase.dll
0x00007ff8f7fc0000 - 0x00007ff8f7fec000 	C:\Windows\SYSTEM32\Wldp.dll
0x00007ff8f9cc0000 - 0x00007ff8f9d6e000 	C:\Windows\System32\SHCORE.dll
0x00007ff8fac60000 - 0x00007ff8facb5000 	C:\Windows\System32\shlwapi.dll
0x00007ff8f84f0000 - 0x00007ff8f8516000 	C:\Windows\SYSTEM32\profapi.dll
0x00007ff8df6e0000 - 0x00007ff8df6fa000 	C:\Program Files\Android\Android Studio\jre\jre\bin\net.dll
0x00007ff8f7ce0000 - 0x00007ff8f7d4a000 	C:\Windows\system32\mswsock.dll
0x00007ff8df220000 - 0x00007ff8df233000 	C:\Program Files\Android\Android Studio\jre\jre\bin\nio.dll
0x00007ff8f3b80000 - 0x00007ff8f3ba7000 	C:\Users\Asus\.gradle\native\f6784746aeab05261644944871eae4fe03e0ef1612fff0a4a95f87b438bc6780\windows-amd64\native-platform.dll
0x00007ff8e8e20000 - 0x00007ff8e8e2d000 	C:\Program Files\Android\Android Studio\jre\jre\bin\management.dll
0x00007ff8f7ec0000 - 0x00007ff8f7ed8000 	C:\Windows\SYSTEM32\CRYPTSP.dll
0x00007ff8f7670000 - 0x00007ff8f76a4000 	C:\Windows\system32\rsaenh.dll
0x00007ff8f85c0000 - 0x00007ff8f85e7000 	C:\Windows\System32\bcrypt.dll
0x00007ff8f8470000 - 0x00007ff8f849e000 	C:\Windows\SYSTEM32\USERENV.dll
0x00007ff8f8c90000 - 0x00007ff8f8d0f000 	C:\Windows\System32\bcryptprimitives.dll
0x00007ff8f7eb0000 - 0x00007ff8f7ebc000 	C:\Windows\SYSTEM32\CRYPTBASE.dll
0x00007ff8f79d0000 - 0x00007ff8f7a0b000 	C:\Windows\SYSTEM32\IPHLPAPI.DLL
0x00007ff8fa650000 - 0x00007ff8fa659000 	C:\Windows\System32\NSI.dll
0x00007ff8f1e20000 - 0x00007ff8f1e37000 	C:\Windows\SYSTEM32\dhcpcsvc6.DLL
0x00007ff8f2f00000 - 0x00007ff8f2f1d000 	C:\Windows\SYSTEM32\dhcpcsvc.DLL
0x00007ff8f7a10000 - 0x00007ff8f7adb000 	C:\Windows\SYSTEM32\DNSAPI.dll
0x00007ff8f2f20000 - 0x00007ff8f2f2b000 	C:\Windows\SYSTEM32\WINNSI.DLL

VM Arguments:
jvm_args: -Xmx2048m -Dfile.encoding=UTF-8 -Duser.country=US -Duser.language=en -Duser.variant 
java_command: org.gradle.launcher.daemon.bootstrap.GradleDaemon 6.5
java_class_path (initial): C:\Users\Asus\.gradle\wrapper\dists\gradle-6.5-bin\6nifqtx7604sqp1q6g8wikw7p\gradle-6.5\lib\gradle-launcher-6.5.jar
Launcher Type: SUN_STANDARD

Environment Variables:
PATH=C:\Program Files\Common Files\Oracle\Java\javapath;C:\Python39\Scripts\;C:\Python39\;C:\Windows\system32;C:\Windows;C:\Windows\System32\Wbem;C:\Windows\System32\WindowsPowerShell\v1.0\;C:\Windows\System32\OpenSSH\;C:\Program Files\IBM\SPSS\Statistics\25\JRE\bin;C:\Program Files\Git\cmd;C:\Program Files\nodejs\;C:\ProgramData\chocolatey\bin;C:\Users\Asus\AppData\Local\Microsoft\WindowsApps;;C:\Users\Asus\AppData\Local\Programs\Microsoft VS Code\bin;C:\Users\Asus\AppData\Roaming\npm
USERNAME=Asus
OS=Windows_NT
PROCESSOR_IDENTIFIER=AMD64 Family 23 Model 24 Stepping 1, AuthenticAMD



---------------  S Y S T E M  ---------------

OS: Windows 10.0 , 64 bit Build 19041 (10.0.19041.546)

CPU:total 8 (initial active 8) (8 cores per cpu, 1 threads per core) family 23 model 24 stepping 1, cmov, cx8, fxsr, mmx, sse, sse2, sse3, ssse3, sse4.1, sse4.2, popcnt, avx, avx2, aes, clmul, mmxext, 3dnowpref, lzcnt, sse4a, tsc, tscinvbit, tscinv, bmi1

Memory: 4k page, physical 6234504k(1109960k free), swap 6234504k(7280k free)

vm_info: OpenJDK 64-Bit Server VM (25.242-b01) for windows-amd64 JRE (1.8.0_242-release-1644-b01), built by "builder" with MS VC++ 10.0 (VS2010)

time: Wed Nov 18 15:47:19 2020
timezone: India Standard Time
elapsed time: 3 seconds (0d 0h 0m 3s)

